   info 2024-03-08 14:48:01.509         ad   main  12848  12848                         impl_selector - using sse2 (intrinsics)
 * * * * * * * * * * * * * * * * * *
   info 2024-03-08 14:48:01.510         ad   main  12848  12848                                  main - * AnyDesk Linux Startup *
   info 2024-03-08 14:48:01.510         ad   main  12848  12848                                  main - * Version 6.0.1 (linux_release_6.0.1 ce4f5badb2839d0e36a167da46f34596f2e89093)
   info 2024-03-08 14:48:01.510         ad   main  12848  12848                                  main - * Build 20200824175054
   info 2024-03-08 14:48:01.510         ad   main  12848  12848                                  main - * Prefix ad
   info 2024-03-08 14:48:01.510         ad   main  12848  12848                                  main - * Copyright (C) 2017 philandro Software GmbH *
   info 2024-03-08 14:48:01.510         ad   main  12848  12848                                  main - 
   info 2024-03-08 14:48:01.510         ad   main  12848  12848                                  main - Distribution Info: Debian GNU/Linux 11 (bullseye)
   info 2024-03-08 14:48:01.510         ad   main  12848  12848                                  main - Found GLib Version: 2.66.
   info 2024-03-08 14:48:01.577         ad   main  12848  12848                       app.common_path - user_data_dir = /home/userpgi/.anydesk, logged_in_user_data_dir = /home/userpgi/.anydesk, current_home = /home/userpgi

   info 2024-03-08 14:48:01.577         ad   main  12848  12848                       app.common_path - initialized user = /home/userpgi/.anydesk, system = /etc/anydesk
   info 2024-03-08 14:48:02.605       tray   main  12848  12848                           gui.gui_app - DPI scaling: 1,00 / 1,00
   info 2024-03-08 14:48:02.605       tray   main  12848  12848                           gui.gui_app - Using std-resolution bitmaps.
   info 2024-03-08 14:48:02.732       tray   main  12848  12848                       base.signal.hub - 1 threads.
   info 2024-03-08 14:48:02.732       tray   main  12848  12848                    app.tunnel_ft_comp - Ready.
   info 2024-03-08 14:48:03.205       tray   ctrl  12848  13065                      unix_app.control - Control startup.
  error 2024-03-08 14:48:03.208       tray   ctrl  12848  13065              base.signal.global.event - Cannot set the subsignal count to a smaller or equal value.
  error 2024-03-08 14:48:03.258       tray   wrk0  12848  13066              base.prot.packet_factory - Invalid packet received (type=26, 4 bytes).
  error 2024-03-08 14:48:03.258       tray   wrk0  12848  13066                        hub_ipc_socket - IPC packet deserialization failed.
warning 2024-03-08 14:48:03.259       tray   wrk0  12848  13066        base.signal.global.shared_file - open (/var/lib/AccountsService/users/userpgi) failed (13): Permission non accordée 
warning 2024-03-08 14:48:03.259       tray   wrk0  12848  13066                      unix_app.control - Could not update account image (File not found: /home/userpgi/.face.icon).
   info 2024-03-08 14:48:12.021         ad   main  13268  13268                         impl_selector - using sse2 (intrinsics)
 * * * * * * * * * * * * * * * * * *
   info 2024-03-08 14:48:12.021         ad   main  13268  13268                                  main - * AnyDesk Linux Startup *
   info 2024-03-08 14:48:12.021         ad   main  13268  13268                                  main - * Version 6.0.1 (linux_release_6.0.1 ce4f5badb2839d0e36a167da46f34596f2e89093)
   info 2024-03-08 14:48:12.021         ad   main  13268  13268                                  main - * Build 20200824175054
   info 2024-03-08 14:48:12.021         ad   main  13268  13268                                  main - * Prefix ad
   info 2024-03-08 14:48:12.021         ad   main  13268  13268                                  main - * Copyright (C) 2017 philandro Software GmbH *
   info 2024-03-08 14:48:12.021         ad   main  13268  13268                                  main - 
   info 2024-03-08 14:48:12.021         ad   main  13268  13268                                  main - Distribution Info: Debian GNU/Linux 11 (bullseye)
   info 2024-03-08 14:48:12.022         ad   main  13268  13268                                  main - Found GLib Version: 2.66.
   info 2024-03-08 14:48:12.100         ad   main  13268  13268                       app.common_path - user_data_dir = /home/userpgi/.anydesk, logged_in_user_data_dir = /home/userpgi/.anydesk, current_home = /home/userpgi

   info 2024-03-08 14:48:12.101         ad   main  13268  13268                       app.common_path - initialized user = /home/userpgi/.anydesk, system = /etc/anydesk
   info 2024-03-08 14:48:12.102         ad   main  13268  13268                       app.common_path - user_data_dir = /home/userpgi/.anydesk, logged_in_user_data_dir = /home/userpgi/.anydesk, current_home = /home/userpgi

   info 2024-03-08 14:48:12.102         ad   main  13268  13268                       app.common_path - initialized user = /home/userpgi/.anydesk, system = /etc/anydesk
   info 2024-03-08 14:48:12.102         ad   main  13268  13268                                  main - Starting frontend process (13268).
   info 2024-03-08 14:48:12.109   frontend   main  13268  13268                           gui.gui_app - DPI scaling: 1,00 / 1,00
   info 2024-03-08 14:48:12.109   frontend   main  13268  13268                           gui.gui_app - Using std-resolution bitmaps.
warning 2024-03-08 14:48:12.142   frontend   main  13268  13268        base.signal.global.shared_file - open (/var/lib/AccountsService/users/userpgi) failed (13): Permission non accordée 
warning 2024-03-08 14:48:12.142   frontend   main  13268  13268                         app.user_info - Could not update user image (File not found: /home/userpgi/.face.icon). Defaulting.
   info 2024-03-08 14:48:12.151   frontend   main  13268  13268                       base.signal.hub - 8 threads.
   info 2024-03-08 14:48:12.152   frontend   timr  13268  13273          base.signal.local.timer_impl - Initialized master timer.
   info 2024-03-08 14:48:12.380   frontend   ctrl  13268  13274                     unix_app.frontend - Frontend startup.
   info 2024-03-08 14:48:12.380   frontend   ctrl  13268  13274                     unix_app.frontend - Logging the frontend in.
warning 2024-03-08 14:48:12.381   frontend   ctrl  13268  13274        base.signal.global.shared_file - open (/var/lib/AccountsService/users/userpgi) failed (13): Permission non accordée 
warning 2024-03-08 14:48:12.381   frontend   ctrl  13268  13274                         app.user_info - Could not update user image (File not found: /home/userpgi/.face.icon). Defaulting.
warning 2024-03-08 14:48:12.668   frontend   wrk1  13268  13276        base.signal.global.shared_file - open (/var/lib/AccountsService/users/userpgi) failed (13): Permission non accordée 
warning 2024-03-08 14:48:12.668   frontend   wrk1  13268  13276                         app.user_info - Could not update user image (File not found: /home/userpgi/.face.icon). Defaulting.
   info 2024-03-08 14:48:12.670   frontend   main  13268  13268                     unix_app.frontend - Monitoring online states.
   info 2024-03-08 14:48:12.752   frontend   main  13268  13268                     unix_app.frontend - Monitoring online states.
   info 2024-03-08 14:48:12.816   frontend   main  13268  13268                     unix_app.frontend - Monitoring online states.
   info 2024-03-08 14:48:12.844   frontend   main  13268  13268                     unix_app.frontend - Monitoring online states.
   info 2024-03-08 14:48:12.993   frontend    x11  13268  13272                     base.monitor_info - Monitor 0: x/y : 0/0
   info 2024-03-08 14:48:12.993   frontend    x11  13268  13272                     base.monitor_info - Monitor 0: w/h : 800/600
   info 2024-03-08 14:48:12.993   frontend    x11  13268  13272                     base.monitor_info - Monitor 0 output=33
   info 2024-03-08 14:48:33.152   frontend   main  13268  13268                     one_time_password - Resetting 2FA key.
warning 2024-03-08 14:48:33.165   frontend   main  13268  13268        base.signal.global.shared_file - open (/var/lib/AccountsService/users/userpgi) failed (13): Permission non accordée 
   info 2024-03-08 14:48:33.165   frontend   main  13268  13268                     gui.privacy_panel - Unable to load user image
   info 2024-03-08 14:49:55.574   frontend   main  13268  13268             app.named_process_starter - Spawning new process with: UID: 1000, DPY: , ID: 67, SEAT: 166656864
   info 2024-03-08 14:49:55.579   frontend   ctrl  13268  13274                     unix_app.frontend - Frontend shutdown.
warning 2024-03-08 14:49:55.588   frontend   main  13314  13314              unix_app.x11.xauth_magic - XAUTHORITY is not set, trying the default location
  error 2024-03-08 14:49:55.589   frontend   main  13314  13314              unix_app.x11.xauth_magic - Cannot find Xauthority file despite all attempts, backend will probably fail
   info 2024-03-08 14:49:55.619   frontend   main  13268  13268                     unix_app.frontend - Monitoring online states.
   info 2024-03-08 14:49:55.631         ad   main  13314  13314                         impl_selector - using sse2 (intrinsics)
 * * * * * * * * * * * * * * * * * *
   info 2024-03-08 14:49:55.632         ad   main  13314  13314                                  main - * AnyDesk Linux Startup *
   info 2024-03-08 14:49:55.632         ad   main  13314  13314                                  main - * Version 6.0.1 (linux_release_6.0.1 ce4f5badb2839d0e36a167da46f34596f2e89093)
   info 2024-03-08 14:49:55.632         ad   main  13314  13314                                  main - * Build 20200824175054
   info 2024-03-08 14:49:55.632         ad   main  13314  13314                                  main - * Prefix ad
   info 2024-03-08 14:49:55.632         ad   main  13314  13314                                  main - * Copyright (C) 2017 philandro Software GmbH *
   info 2024-03-08 14:49:55.632         ad   main  13314  13314                                  main - 
   info 2024-03-08 14:49:55.632         ad   main  13314  13314                                  main - Distribution Info: Debian GNU/Linux 11 (bullseye)
   info 2024-03-08 14:49:55.632         ad   main  13314  13314                                  main - Found GLib Version: 2.66.
   info 2024-03-08 14:49:55.652   frontend   main  13268  13268                     unix_app.frontend - Monitoring online states.
   info 2024-03-08 14:49:55.695         ad   main  13314  13314                       app.common_path - user_data_dir = /home/userpgi/.anydesk, logged_in_user_data_dir = /home/userpgi/.anydesk, current_home = /home/userpgi

   info 2024-03-08 14:49:55.696         ad   main  13314  13314                       app.common_path - initialized user = /home/userpgi/.anydesk, system = /etc/anydesk
   info 2024-03-08 14:49:55.697         ad   main  13314  13314                       app.common_path - user_data_dir = /home/userpgi/.anydesk, logged_in_user_data_dir = /home/userpgi/.anydesk, current_home = /home/userpgi

   info 2024-03-08 14:49:55.697         ad   main  13314  13314                       app.common_path - initialized user = /home/userpgi/.anydesk, system = /etc/anydesk
   info 2024-03-08 14:49:55.697         ad   main  13314  13314                                  main - Starting frontend process (13314).
   info 2024-03-08 14:49:55.705   frontend   main  13314  13314                           gui.gui_app - DPI scaling: 1,00 / 1,00
   info 2024-03-08 14:49:55.705   frontend   main  13314  13314                           gui.gui_app - Using std-resolution bitmaps.
  error 2024-03-08 14:49:55.719   frontend   main  13314  13314                           base.locale - Illegal string format: ad.inst.update_vpn_driver.hintVeuillez noter que d'autres outils utilisant ce pilote peuvent cesser de fonctionner après la désinstallation. Cette action ne peut pas être annulée!
warning 2024-03-08 14:49:55.736   frontend   main  13314  13314        base.signal.global.shared_file - open (/var/lib/AccountsService/users/userpgi) failed (13): Permission non accordée 
warning 2024-03-08 14:49:55.737   frontend   main  13314  13314                         app.user_info - Could not update user image (File not found: /home/userpgi/.face.icon). Defaulting.
   info 2024-03-08 14:49:55.746   frontend   main  13314  13314                       base.signal.hub - 8 threads.
   info 2024-03-08 14:49:55.748   frontend   timr  13314  13318          base.signal.local.timer_impl - Initialized master timer.
   info 2024-03-08 14:49:55.915   frontend   ctrl  13314  13319                     unix_app.frontend - Frontend startup.
   info 2024-03-08 14:49:55.915   frontend   ctrl  13314  13319                     unix_app.frontend - Logging the frontend in.
warning 2024-03-08 14:49:55.916   frontend   ctrl  13314  13319        base.signal.global.shared_file - open (/var/lib/AccountsService/users/userpgi) failed (13): Permission non accordée 
warning 2024-03-08 14:49:55.916   frontend   ctrl  13314  13319                         app.user_info - Could not update user image (File not found: /home/userpgi/.face.icon). Defaulting.
warning 2024-03-08 14:49:56.104   frontend   wrk1  13314  13321        base.signal.global.shared_file - open (/var/lib/AccountsService/users/userpgi) failed (13): Permission non accordée 
warning 2024-03-08 14:49:56.104   frontend   wrk1  13314  13321                         app.user_info - Could not update user image (File not found: /home/userpgi/.face.icon). Defaulting.
   info 2024-03-08 14:49:56.123   frontend   main  13314  13314                     unix_app.frontend - Monitoring online states.
   info 2024-03-08 14:49:56.140   frontend   main  13268  13268                     unix_app.frontend - Monitoring online states.
   info 2024-03-08 14:49:56.168   frontend   main  13314  13314                     unix_app.frontend - Monitoring online states.
   info 2024-03-08 14:49:56.168   frontend   main  13268  13268                     unix_app.frontend - Monitoring online states.
   info 2024-03-08 14:49:56.231   frontend   main  13314  13314                     unix_app.frontend - Monitoring online states.
   info 2024-03-08 14:49:56.263   frontend    x11  13314  13317                     base.monitor_info - Monitor 0: x/y : 0/0
   info 2024-03-08 14:49:56.263   frontend    x11  13314  13317                     base.monitor_info - Monitor 0: w/h : 800/600
   info 2024-03-08 14:49:56.263   frontend    x11  13314  13317                     base.monitor_info - Monitor 0 output=33
   info 2024-03-08 14:49:56.265   frontend   main  13314  13314                     unix_app.frontend - Monitoring online states.
   info 2024-03-08 14:49:56.759   frontend   ctrl  13268  13274                       base.signal.hub - Control quit.
   info 2024-03-08 14:49:56.761   frontend   timr  13268  13273          base.signal.local.timer_impl - Timer wants to quit.
   info 2024-03-08 14:49:56.789   frontend   main  13268  13268              base.prot.job_dispatcher - 0 undelivered packets.
   info 2024-03-08 14:49:56.791   frontend   main  13268  13268                                  main - Exiting normally.
   info 2024-03-08 14:50:01.440   frontend   main  13314  13314                     one_time_password - Resetting 2FA key.
warning 2024-03-08 14:50:01.452   frontend   main  13314  13314        base.signal.global.shared_file - open (/var/lib/AccountsService/users/userpgi) failed (13): Permission non accordée 
   info 2024-03-08 14:50:01.452   frontend   main  13314  13314                     gui.privacy_panel - Unable to load user image
   info 2024-03-08 14:50:12.911   frontend   main  13314  13314                       unix_app.polkit - Using gnome-shell for authentication.
   info 2024-03-08 14:50:12.976   frontend   main  13314  13314                       unix_app.polkit - Using action: com.philandro.anydesk
   info 2024-03-08 14:50:24.914   frontend   main  13314  13314                     unix_app.frontend - Authorized via polkit
   info 2024-03-08 14:56:26.128   frontend   main  13314  13314                       unix_app.polkit - Using gnome-shell for authentication.
   info 2024-03-08 14:56:26.146   frontend   main  13314  13314                       unix_app.polkit - Using action: com.philandro.anydesk
   info 2024-03-08 14:56:32.414   frontend   main  13314  13314                     unix_app.frontend - Authorized via polkit
  error 2024-03-08 14:57:46.992       tray   wrk0  12848  13066              base.prot.packet_factory - Invalid packet received (type=24, 0 bytes).
  error 2024-03-08 14:57:46.992       tray   wrk0  12848  13066                        hub_ipc_socket - IPC packet deserialization failed.
  error 2024-03-08 14:58:05.927       tray   wrk0  12848  13066              base.prot.packet_factory - Invalid packet received (type=24, 0 bytes).
  error 2024-03-08 14:58:05.927       tray   wrk0  12848  13066                        hub_ipc_socket - IPC packet deserialization failed.
   info 2024-03-08 14:58:20.324   frontend   main  13314  13314                       unix_app.polkit - Using gnome-shell for authentication.
   info 2024-03-08 14:58:20.342   frontend   main  13314  13314                       unix_app.polkit - Using action: com.philandro.anydesk
   info 2024-03-08 14:58:31.145   frontend   main  13314  13314                     unix_app.frontend - Authorized via polkit
   info 2024-03-08 14:59:10.005   frontend   main  13314  13314                       gui.main_window - Exiting due to user request via menu.
   info 2024-03-08 14:59:10.005   frontend   ctrl  13314  13319                     unix_app.frontend - Frontend shutdown.
   info 2024-03-08 14:59:10.666   frontend   ctrl  13314  13319                       base.signal.hub - Control quit.
   info 2024-03-08 14:59:10.670   frontend   timr  13314  13318          base.signal.local.timer_impl - Timer wants to quit.
   info 2024-03-08 14:59:10.693   frontend   main  13314  13314              base.prot.job_dispatcher - 0 undelivered packets.
   info 2024-03-08 14:59:10.697   frontend   main  13314  13314                                  main - Exiting normally.
   info 2024-03-08 14:59:18.846         ad   main  13481  13481                         impl_selector - using sse2 (intrinsics)
 * * * * * * * * * * * * * * * * * *
   info 2024-03-08 14:59:18.846         ad   main  13481  13481                                  main - * AnyDesk Linux Startup *
   info 2024-03-08 14:59:18.846         ad   main  13481  13481                                  main - * Version 6.0.1 (linux_release_6.0.1 ce4f5badb2839d0e36a167da46f34596f2e89093)
   info 2024-03-08 14:59:18.846         ad   main  13481  13481                                  main - * Build 20200824175054
   info 2024-03-08 14:59:18.846         ad   main  13481  13481                                  main - * Prefix ad
   info 2024-03-08 14:59:18.846         ad   main  13481  13481                                  main - * Copyright (C) 2017 philandro Software GmbH *
   info 2024-03-08 14:59:18.846         ad   main  13481  13481                                  main - 
   info 2024-03-08 14:59:18.846         ad   main  13481  13481                                  main - Distribution Info: Debian GNU/Linux 11 (bullseye)
   info 2024-03-08 14:59:18.847         ad   main  13481  13481                                  main - Found GLib Version: 2.66.
   info 2024-03-08 14:59:18.920         ad   main  13481  13481                       app.common_path - user_data_dir = /home/userpgi/.anydesk, logged_in_user_data_dir = /home/userpgi/.anydesk, current_home = /home/userpgi

   info 2024-03-08 14:59:18.920         ad   main  13481  13481                       app.common_path - initialized user = /home/userpgi/.anydesk, system = /etc/anydesk
   info 2024-03-08 14:59:18.922         ad   main  13481  13481                       app.common_path - user_data_dir = /home/userpgi/.anydesk, logged_in_user_data_dir = /home/userpgi/.anydesk, current_home = /home/userpgi

   info 2024-03-08 14:59:18.922         ad   main  13481  13481                       app.common_path - initialized user = /home/userpgi/.anydesk, system = /etc/anydesk
   info 2024-03-08 14:59:18.922         ad   main  13481  13481                                  main - Starting frontend process (13481).
   info 2024-03-08 14:59:18.930   frontend   main  13481  13481                           gui.gui_app - DPI scaling: 1,00 / 1,00
   info 2024-03-08 14:59:18.930   frontend   main  13481  13481                           gui.gui_app - Using std-resolution bitmaps.
  error 2024-03-08 14:59:18.946   frontend   main  13481  13481                           base.locale - Illegal string format: ad.inst.update_vpn_driver.hintVeuillez noter que d'autres outils utilisant ce pilote peuvent cesser de fonctionner après la désinstallation. Cette action ne peut pas être annulée!
warning 2024-03-08 14:59:18.964   frontend   main  13481  13481        base.signal.global.shared_file - open (/var/lib/AccountsService/users/userpgi) failed (13): Permission non accordée 
warning 2024-03-08 14:59:18.964   frontend   main  13481  13481                         app.user_info - Could not update user image (File not found: /home/userpgi/.face.icon). Defaulting.
   info 2024-03-08 14:59:18.973   frontend   main  13481  13481                       base.signal.hub - 8 threads.
   info 2024-03-08 14:59:18.974   frontend   timr  13481  13486          base.signal.local.timer_impl - Initialized master timer.
   info 2024-03-08 14:59:19.141   frontend   ctrl  13481  13487                     unix_app.frontend - Frontend startup.
   info 2024-03-08 14:59:19.141   frontend   ctrl  13481  13487                     unix_app.frontend - Logging the frontend in.
warning 2024-03-08 14:59:19.142   frontend   ctrl  13481  13487        base.signal.global.shared_file - open (/var/lib/AccountsService/users/userpgi) failed (13): Permission non accordée 
warning 2024-03-08 14:59:19.142   frontend   ctrl  13481  13487                         app.user_info - Could not update user image (File not found: /home/userpgi/.face.icon). Defaulting.
warning 2024-03-08 14:59:19.310   frontend   wrk1  13481  13489        base.signal.global.shared_file - open (/var/lib/AccountsService/users/userpgi) failed (13): Permission non accordée 
warning 2024-03-08 14:59:19.310   frontend   wrk1  13481  13489                         app.user_info - Could not update user image (File not found: /home/userpgi/.face.icon). Defaulting.
   info 2024-03-08 14:59:19.322   frontend   main  13481  13481                     unix_app.frontend - Monitoring online states.
   info 2024-03-08 14:59:19.347   frontend   main  13481  13481                     unix_app.frontend - Monitoring online states.
   info 2024-03-08 14:59:19.407   frontend   main  13481  13481                     unix_app.frontend - Monitoring online states.
   info 2024-03-08 14:59:19.433   frontend   main  13481  13481                     unix_app.frontend - Monitoring online states.
   info 2024-03-08 14:59:19.450   frontend    x11  13481  13485                     base.monitor_info - Monitor 0: x/y : 0/0
   info 2024-03-08 14:59:19.450   frontend    x11  13481  13485                     base.monitor_info - Monitor 0: w/h : 800/600
   info 2024-03-08 14:59:19.450   frontend    x11  13481  13485                     base.monitor_info - Monitor 0 output=33
   info 2024-03-08 14:59:30.364   frontend   main  13481  13481                     one_time_password - Resetting 2FA key.
warning 2024-03-08 14:59:30.375   frontend   main  13481  13481        base.signal.global.shared_file - open (/var/lib/AccountsService/users/userpgi) failed (13): Permission non accordée 
   info 2024-03-08 14:59:30.376   frontend   main  13481  13481                     gui.privacy_panel - Unable to load user image
   info 2024-03-08 14:59:33.082   frontend   main  13481  13481                       unix_app.polkit - Using gnome-shell for authentication.
   info 2024-03-08 14:59:33.102   frontend   main  13481  13481                       unix_app.polkit - Using action: com.philandro.anydesk
   info 2024-03-08 14:59:37.425   frontend   main  13481  13481                     unix_app.frontend - Authorized via polkit
   info 2024-03-08 14:59:52.962   frontend   ctrl  13481  13487                     unix_app.frontend - Frontend shutdown.
   info 2024-03-08 14:59:53.329   frontend   ctrl  13481  13487                       base.signal.hub - Control quit.
   info 2024-03-08 14:59:53.333   frontend   timr  13481  13486          base.signal.local.timer_impl - Timer wants to quit.
   info 2024-03-08 14:59:53.352   frontend   main  13481  13481              base.prot.job_dispatcher - 0 undelivered packets.
   info 2024-03-08 14:59:53.354   frontend   main  13481  13481                                  main - Exiting normally.
  error 2024-03-08 15:02:01.269       tray   wrk0  12848  13066              base.prot.packet_factory - Invalid packet received (type=24, 0 bytes).
  error 2024-03-08 15:02:01.269       tray   wrk0  12848  13066                        hub_ipc_socket - IPC packet deserialization failed.
  error 2024-03-08 15:11:00.639       tray   wrk0  12848  13066                      unix_app.control - Service connection lost.
   info 2024-03-08 15:11:00.639       tray   ctrl  12848  13065                    app.tunnel_ft_comp - Stopping file component.
   info 2024-03-08 15:11:00.644       tray   main  12848  12848                      unix_app.control - Got quit signal.
   info 2024-03-08 15:12:18.838         ad   main   1392   1392                         impl_selector - using sse2 (intrinsics)
 * * * * * * * * * * * * * * * * * *
   info 2024-03-08 15:12:18.867         ad   main   1392   1392                                  main - * AnyDesk Linux Startup *
   info 2024-03-08 15:12:18.867         ad   main   1392   1392                                  main - * Version 6.0.1 (linux_release_6.0.1 ce4f5badb2839d0e36a167da46f34596f2e89093)
   info 2024-03-08 15:12:18.867         ad   main   1392   1392                                  main - * Build 20200824175054
   info 2024-03-08 15:12:18.867         ad   main   1392   1392                                  main - * Prefix ad
   info 2024-03-08 15:12:18.867         ad   main   1392   1392                                  main - * Copyright (C) 2017 philandro Software GmbH *
   info 2024-03-08 15:12:18.867         ad   main   1392   1392                                  main - 
   info 2024-03-08 15:12:18.867         ad   main   1392   1392                                  main - Distribution Info: Debian GNU/Linux 11 (bullseye)
   info 2024-03-08 15:12:18.867         ad   main   1392   1392                                  main - Found GLib Version: 2.66.
   info 2024-03-08 15:12:18.959         ad   main   1392   1392                       app.common_path - user_data_dir = /home/userpgi/.anydesk, logged_in_user_data_dir = /home/userpgi/.anydesk, current_home = /home/userpgi

   info 2024-03-08 15:12:18.959         ad   main   1392   1392                       app.common_path - initialized user = /home/userpgi/.anydesk, system = /etc/anydesk
   info 2024-03-08 15:12:20.415       tray   main   1392   1392                           gui.gui_app - DPI scaling: 1,00 / 1,00
   info 2024-03-08 15:12:20.415       tray   main   1392   1392                           gui.gui_app - Using std-resolution bitmaps.
  error 2024-03-08 15:12:20.541       tray   main   1392   1392                           base.locale - Illegal string format: ad.inst.update_vpn_driver.hintVeuillez noter que d'autres outils utilisant ce pilote peuvent cesser de fonctionner après la désinstallation. Cette action ne peut pas être annulée!
   info 2024-03-08 15:12:20.801       tray   main   1392   1392                       base.signal.hub - 1 threads.
   info 2024-03-08 15:12:20.802       tray   main   1392   1392                    app.tunnel_ft_comp - Ready.
   info 2024-03-08 15:12:22.160       tray   ctrl   1392   1634                      unix_app.control - Control startup.
  error 2024-03-08 15:12:22.167       tray   ctrl   1392   1634              base.signal.global.event - Cannot set the subsignal count to a smaller or equal value.
  error 2024-03-08 15:12:22.192       tray   wrk0   1392   1635              base.prot.packet_factory - Invalid packet received (type=26, 4 bytes).
  error 2024-03-08 15:12:22.192       tray   wrk0   1392   1635                        hub_ipc_socket - IPC packet deserialization failed.
warning 2024-03-08 15:12:22.193       tray   wrk0   1392   1635        base.signal.global.shared_file - open (/var/lib/AccountsService/users/userpgi) failed (13): Permission non accordée 
warning 2024-03-08 15:12:22.366       tray   wrk0   1392   1635                      unix_app.control - Could not update account image (File not found: /home/userpgi/.face.icon).
  error 2024-03-08 15:14:14.553       tray   wrk0   1392   1635              base.prot.packet_factory - Invalid packet received (type=24, 0 bytes).
  error 2024-03-08 15:14:14.553       tray   wrk0   1392   1635                        hub_ipc_socket - IPC packet deserialization failed.
   info 2024-03-08 15:14:14.574         ad   main   2425   2425                         impl_selector - using sse2 (intrinsics)
 * * * * * * * * * * * * * * * * * *
   info 2024-03-08 15:14:14.574         ad   main   2425   2425                                  main - * AnyDesk Linux Startup *
   info 2024-03-08 15:14:14.574         ad   main   2425   2425                                  main - * Version 6.0.1 (linux_release_6.0.1 ce4f5badb2839d0e36a167da46f34596f2e89093)
   info 2024-03-08 15:14:14.574         ad   main   2425   2425                                  main - * Build 20200824175054
   info 2024-03-08 15:14:14.574         ad   main   2425   2425                                  main - * Prefix ad
   info 2024-03-08 15:14:14.574         ad   main   2425   2425                                  main - * Copyright (C) 2017 philandro Software GmbH *
   info 2024-03-08 15:14:14.574         ad   main   2425   2425                                  main - 
   info 2024-03-08 15:14:14.574         ad   main   2425   2425                                  main - Distribution Info: Debian GNU/Linux 11 (bullseye)
   info 2024-03-08 15:14:14.574         ad   main   2425   2425                                  main - Found GLib Version: 2.66.
   info 2024-03-08 15:14:14.626         ad   main   2425   2425                       app.common_path - user_data_dir = /home/userpgi/.anydesk, logged_in_user_data_dir = /home/userpgi/.anydesk, current_home = /home/userpgi

   info 2024-03-08 15:14:14.626         ad   main   2425   2425                       app.common_path - initialized user = /home/userpgi/.anydesk, system = /etc/anydesk
   info 2024-03-08 15:14:14.628         ad   main   2425   2425                       app.common_path - user_data_dir = /home/userpgi/.anydesk, logged_in_user_data_dir = /home/userpgi/.anydesk, current_home = /home/userpgi

   info 2024-03-08 15:14:14.628         ad   main   2425   2425                       app.common_path - initialized user = /home/userpgi/.anydesk, system = /etc/anydesk
   info 2024-03-08 15:14:14.628         ad   main   2425   2425                                  main - Starting backend process (2425).
explode 2024-03-08 15:14:14.629    backend   main   2425   2425                    unix_app.x11_tools - Cannot open display
  error 2024-03-18 23:38:01.351       tray   main   1392   1392          unix_app.dbus.logind_session - Error querying TTY from Properties: GDBus.Error:org.freedesktop.DBus.Error.UnknownObject: Unknown object '/org/freedesktop/login1/session/_3988'.
  error 2024-03-18 23:38:01.371       tray   main   1392   1392          unix_app.dbus.logind_session - Error querying Active from Properties: GDBus.Error:org.freedesktop.DBus.Error.UnknownObject: Unknown object '/org/freedesktop/login1/session/_3988'.
  error 2024-03-18 23:38:01.372       tray   main   1392   1392          unix_app.dbus.logind_session - Error querying Remote from Properties: GDBus.Error:org.freedesktop.DBus.Error.UnknownObject: Unknown object '/org/freedesktop/login1/session/_3988'.
  error 2024-03-19 09:17:39.896       tray   main   1392   1392          unix_app.dbus.logind_session - Error querying TTY from Properties: GDBus.Error:org.freedesktop.DBus.Error.UnknownObject: Unknown object '/org/freedesktop/login1/session/_31038'.
  error 2024-03-19 09:17:39.898       tray   main   1392   1392          unix_app.dbus.logind_session - Error querying Active from Properties: GDBus.Error:org.freedesktop.DBus.Error.UnknownObject: Unknown object '/org/freedesktop/login1/session/_31038'.
  error 2024-03-19 09:17:39.899       tray   main   1392   1392          unix_app.dbus.logind_session - Error querying Remote from Properties: GDBus.Error:org.freedesktop.DBus.Error.UnknownObject: Unknown object '/org/freedesktop/login1/session/_31038'.
  error 2024-03-19 11:07:44.190       tray   main   1392   1392          unix_app.dbus.logind_session - Error querying TTY from Properties: GDBus.Error:org.freedesktop.DBus.Error.UnknownObject: Unknown object '/org/freedesktop/login1/session/_31033'.
  error 2024-03-19 11:07:44.191       tray   main   1392   1392          unix_app.dbus.logind_session - Error querying Active from Properties: GDBus.Error:org.freedesktop.DBus.Error.UnknownObject: Unknown object '/org/freedesktop/login1/session/_31033'.
  error 2024-03-19 11:07:44.193       tray   main   1392   1392          unix_app.dbus.logind_session - Error querying Remote from Properties: GDBus.Error:org.freedesktop.DBus.Error.UnknownObject: Unknown object '/org/freedesktop/login1/session/_31033'.
  error 2024-03-19 11:07:44.194       tray   main   1392   1392          unix_app.dbus.logind_session - Error querying TTY from Properties: GDBus.Error:org.freedesktop.DBus.Error.UnknownObject: Unknown object '/org/freedesktop/login1/session/_31034'.
  error 2024-03-19 11:07:44.195       tray   main   1392   1392          unix_app.dbus.logind_session - Error querying Active from Properties: GDBus.Error:org.freedesktop.DBus.Error.UnknownObject: Unknown object '/org/freedesktop/login1/session/_31034'.
  error 2024-03-19 11:07:44.197       tray   main   1392   1392          unix_app.dbus.logind_session - Error querying Remote from Properties: GDBus.Error:org.freedesktop.DBus.Error.UnknownObject: Unknown object '/org/freedesktop/login1/session/_31034'.
  error 2024-03-19 11:07:44.249       tray   main   1392   1392          unix_app.dbus.logind_session - Error querying TTY from Properties: GDBus.Error:org.freedesktop.DBus.Error.UnknownObject: Unknown object '/org/freedesktop/login1/session/_31034'.
  error 2024-03-19 11:07:44.250       tray   main   1392   1392          unix_app.dbus.logind_session - Error querying Active from Properties: GDBus.Error:org.freedesktop.DBus.Error.UnknownObject: Unknown object '/org/freedesktop/login1/session/_31034'.
  error 2024-03-19 11:07:44.251       tray   main   1392   1392          unix_app.dbus.logind_session - Error querying Remote from Properties: GDBus.Error:org.freedesktop.DBus.Error.UnknownObject: Unknown object '/org/freedesktop/login1/session/_31034'.
  error 2024-03-19 11:34:23.694       tray   main   1392   1392          unix_app.dbus.logind_session - Error querying TTY from Properties: GDBus.Error:org.freedesktop.DBus.Error.UnknownObject: Unknown object '/org/freedesktop/login1/session/_31083'.
  error 2024-03-19 11:34:23.695       tray   main   1392   1392          unix_app.dbus.logind_session - Error querying Active from Properties: GDBus.Error:org.freedesktop.DBus.Error.UnknownObject: Unknown object '/org/freedesktop/login1/session/_31083'.
  error 2024-03-19 11:34:23.697       tray   main   1392   1392          unix_app.dbus.logind_session - Error querying Remote from Properties: GDBus.Error:org.freedesktop.DBus.Error.UnknownObject: Unknown object '/org/freedesktop/login1/session/_31083'.
  error 2024-03-19 11:38:51.978       tray   main   1392   1392          unix_app.dbus.logind_session - Error querying TTY from Properties: GDBus.Error:org.freedesktop.DBus.Error.UnknownObject: Unknown object '/org/freedesktop/login1/session/_31042'.
  error 2024-03-19 11:38:51.980       tray   main   1392   1392          unix_app.dbus.logind_session - Error querying Active from Properties: GDBus.Error:org.freedesktop.DBus.Error.UnknownObject: Unknown object '/org/freedesktop/login1/session/_31042'.
  error 2024-03-19 11:38:51.981       tray   main   1392   1392          unix_app.dbus.logind_session - Error querying Remote from Properties: GDBus.Error:org.freedesktop.DBus.Error.UnknownObject: Unknown object '/org/freedesktop/login1/session/_31042'.
  error 2024-03-19 11:38:51.984       tray   main   1392   1392          unix_app.dbus.logind_session - Error querying TTY from Properties: GDBus.Error:org.freedesktop.DBus.Error.UnknownObject: Unknown object '/org/freedesktop/login1/session/_31044'.
  error 2024-03-19 11:38:51.985       tray   main   1392   1392          unix_app.dbus.logind_session - Error querying Active from Properties: GDBus.Error:org.freedesktop.DBus.Error.UnknownObject: Unknown object '/org/freedesktop/login1/session/_31044'.
  error 2024-03-19 11:38:51.987       tray   main   1392   1392          unix_app.dbus.logind_session - Error querying Remote from Properties: GDBus.Error:org.freedesktop.DBus.Error.UnknownObject: Unknown object '/org/freedesktop/login1/session/_31044'.
  error 2024-03-19 11:38:52.090       tray   main   1392   1392          unix_app.dbus.logind_session - Error querying TTY from Properties: GDBus.Error:org.freedesktop.DBus.Error.UnknownObject: Unknown object '/org/freedesktop/login1/session/_31044'.
  error 2024-03-19 11:38:52.091       tray   main   1392   1392          unix_app.dbus.logind_session - Error querying Active from Properties: GDBus.Error:org.freedesktop.DBus.Error.UnknownObject: Unknown object '/org/freedesktop/login1/session/_31044'.
  error 2024-03-19 11:38:52.094       tray   main   1392   1392          unix_app.dbus.logind_session - Error querying Remote from Properties: GDBus.Error:org.freedesktop.DBus.Error.UnknownObject: Unknown object '/org/freedesktop/login1/session/_31044'.
  error 2024-03-19 13:51:34.553       tray   main   1392   1392          unix_app.dbus.logind_session - Error querying TTY from Properties: GDBus.Error:org.freedesktop.DBus.Error.UnknownObject: Unknown object '/org/freedesktop/login1/session/_31087'.
  error 2024-03-19 13:51:34.556       tray   main   1392   1392          unix_app.dbus.logind_session - Error querying Active from Properties: GDBus.Error:org.freedesktop.DBus.Error.UnknownObject: Unknown object '/org/freedesktop/login1/session/_31087'.
  error 2024-03-19 13:51:34.558       tray   main   1392   1392          unix_app.dbus.logind_session - Error querying Remote from Properties: GDBus.Error:org.freedesktop.DBus.Error.UnknownObject: Unknown object '/org/freedesktop/login1/session/_31087'.
  error 2024-03-19 13:52:07.406       tray   main   1392   1392          unix_app.dbus.logind_session - Error querying TTY from Properties: GDBus.Error:org.freedesktop.DBus.Error.UnknownObject: Unknown object '/org/freedesktop/login1/session/_31103'.
  error 2024-03-19 13:52:07.408       tray   main   1392   1392          unix_app.dbus.logind_session - Error querying Active from Properties: GDBus.Error:org.freedesktop.DBus.Error.UnknownObject: Unknown object '/org/freedesktop/login1/session/_31103'.
  error 2024-03-19 13:52:07.410       tray   main   1392   1392          unix_app.dbus.logind_session - Error querying Remote from Properties: GDBus.Error:org.freedesktop.DBus.Error.UnknownObject: Unknown object '/org/freedesktop/login1/session/_31103'.
  error 2024-03-19 13:52:07.411       tray   main   1392   1392          unix_app.dbus.logind_session - Error querying TTY from Properties: GDBus.Error:org.freedesktop.DBus.Error.UnknownObject: Unknown object '/org/freedesktop/login1/session/_31102'.
  error 2024-03-19 13:52:07.412       tray   main   1392   1392          unix_app.dbus.logind_session - Error querying Active from Properties: GDBus.Error:org.freedesktop.DBus.Error.UnknownObject: Unknown object '/org/freedesktop/login1/session/_31102'.
  error 2024-03-19 13:52:07.414       tray   main   1392   1392          unix_app.dbus.logind_session - Error querying Remote from Properties: GDBus.Error:org.freedesktop.DBus.Error.UnknownObject: Unknown object '/org/freedesktop/login1/session/_31102'.
  error 2024-03-19 13:52:07.417       tray   main   1392   1392          unix_app.dbus.logind_session - Error querying TTY from Properties: GDBus.Error:org.freedesktop.DBus.Error.UnknownObject: Unknown object '/org/freedesktop/login1/session/_31104'.
  error 2024-03-19 13:52:07.418       tray   main   1392   1392          unix_app.dbus.logind_session - Error querying Active from Properties: GDBus.Error:org.freedesktop.DBus.Error.UnknownObject: Unknown object '/org/freedesktop/login1/session/_31104'.
  error 2024-03-19 13:52:07.421       tray   main   1392   1392          unix_app.dbus.logind_session - Error querying Remote from Properties: GDBus.Error:org.freedesktop.DBus.Error.UnknownObject: Unknown object '/org/freedesktop/login1/session/_31104'.
  error 2024-03-19 13:52:07.482       tray   main   1392   1392          unix_app.dbus.logind_session - Error querying TTY from Properties: GDBus.Error:org.freedesktop.DBus.Error.UnknownObject: Unknown object '/org/freedesktop/login1/session/_31103'.
  error 2024-03-19 13:52:07.483       tray   main   1392   1392          unix_app.dbus.logind_session - Error querying Active from Properties: GDBus.Error:org.freedesktop.DBus.Error.UnknownObject: Unknown object '/org/freedesktop/login1/session/_31103'.
  error 2024-03-19 13:52:07.484       tray   main   1392   1392          unix_app.dbus.logind_session - Error querying Remote from Properties: GDBus.Error:org.freedesktop.DBus.Error.UnknownObject: Unknown object '/org/freedesktop/login1/session/_31103'.
  error 2024-03-19 13:52:07.487       tray   main   1392   1392          unix_app.dbus.logind_session - Error querying TTY from Properties: GDBus.Error:org.freedesktop.DBus.Error.UnknownObject: Unknown object '/org/freedesktop/login1/session/_31104'.
  error 2024-03-19 13:52:07.488       tray   main   1392   1392          unix_app.dbus.logind_session - Error querying Active from Properties: GDBus.Error:org.freedesktop.DBus.Error.UnknownObject: Unknown object '/org/freedesktop/login1/session/_31104'.
  error 2024-03-19 13:52:07.490       tray   main   1392   1392          unix_app.dbus.logind_session - Error querying Remote from Properties: GDBus.Error:org.freedesktop.DBus.Error.UnknownObject: Unknown object '/org/freedesktop/login1/session/_31104'.
  error 2024-03-19 13:52:07.530       tray   main   1392   1392          unix_app.dbus.logind_session - Error querying TTY from Properties: GDBus.Error:org.freedesktop.DBus.Error.UnknownObject: Unknown object '/org/freedesktop/login1/session/_31104'.
  error 2024-03-19 13:52:07.531       tray   main   1392   1392          unix_app.dbus.logind_session - Error querying Active from Properties: GDBus.Error:org.freedesktop.DBus.Error.UnknownObject: Unknown object '/org/freedesktop/login1/session/_31104'.
  error 2024-03-19 13:52:07.533       tray   main   1392   1392          unix_app.dbus.logind_session - Error querying Remote from Properties: GDBus.Error:org.freedesktop.DBus.Error.UnknownObject: Unknown object '/org/freedesktop/login1/session/_31104'.
  error 2024-03-26 13:14:25.833       tray   main   1392   1392          unix_app.dbus.logind_session - Error querying TTY from Properties: GDBus.Error:org.freedesktop.DBus.Error.UnknownObject: Unknown object '/org/freedesktop/login1/session/_31784'.
  error 2024-03-26 13:14:25.835       tray   main   1392   1392          unix_app.dbus.logind_session - Error querying Active from Properties: GDBus.Error:org.freedesktop.DBus.Error.UnknownObject: Unknown object '/org/freedesktop/login1/session/_31784'.
  error 2024-03-26 13:14:25.836       tray   main   1392   1392          unix_app.dbus.logind_session - Error querying Remote from Properties: GDBus.Error:org.freedesktop.DBus.Error.UnknownObject: Unknown object '/org/freedesktop/login1/session/_31784'.
  error 2024-03-26 17:56:57.286       tray   wrk0   1392   1635                      unix_app.control - Service connection lost.
   info 2024-03-26 17:56:57.906       tray   ctrl   1392   1634                    app.tunnel_ft_comp - Stopping file component.
   info 2024-03-26 17:56:58.188       tray   main   1392   1392                      unix_app.control - Got quit signal.
   info 2024-03-26 17:56:58.637       tray   ctrl   1392   1634                    app.tunnel_ft_comp - Stopping file component.
   info 2024-03-26 17:56:58.638       tray   ctrl   1392   1634                       base.signal.hub - Control quit.
   info 2024-03-26 17:56:58.664       tray   main   1392   1392                    app.tunnel_ft_comp - Terminated.
   info 2024-03-26 17:56:58.664       tray   main   1392   1392              base.prot.job_dispatcher - 0 undelivered packets.
   info 2024-03-26 17:56:59.411       tray   main   1392   1392                                  main - Exiting normally.
   info 2024-06-11 12:47:15.437         ad   main   6760   6760                         impl_selector - using sse2 (intrinsics)
 * * * * * * * * * * * * * * * * * *
   info 2024-06-11 12:47:15.497         ad   main   6760   6760                                  main - * AnyDesk Linux Startup *
   info 2024-06-11 12:47:15.497         ad   main   6760   6760                                  main - * Version 6.0.1 (linux_release_6.0.1 ce4f5badb2839d0e36a167da46f34596f2e89093)
   info 2024-06-11 12:47:15.498         ad   main   6760   6760                                  main - * Build 20200824175054
   info 2024-06-11 12:47:15.498         ad   main   6760   6760                                  main - * Prefix ad
   info 2024-06-11 12:47:15.498         ad   main   6760   6760                                  main - * Copyright (C) 2017 philandro Software GmbH *
   info 2024-06-11 12:47:15.498         ad   main   6760   6760                                  main - 
   info 2024-06-11 12:47:15.498         ad   main   6760   6760                                  main - Distribution Info: Debian GNU/Linux 12 (bookworm)
   info 2024-06-11 12:47:15.498         ad   main   6760   6760                                  main - Found GLib Version: 2.74.
   info 2024-06-11 12:47:15.635         ad   main   6760   6760                       app.common_path - user_data_dir = /home/userpgi/.anydesk, logged_in_user_data_dir = /home/userpgi/.anydesk, current_home = /home/userpgi

   info 2024-06-11 12:47:15.635         ad   main   6760   6760                       app.common_path - initialized user = /home/userpgi/.anydesk, system = /etc/anydesk
   info 2024-06-11 12:47:16.878       tray   main   6760   6760                           gui.gui_app - DPI scaling: 1,00 / 1,00
   info 2024-06-11 12:47:16.878       tray   main   6760   6760                           gui.gui_app - Using std-resolution bitmaps.
  error 2024-06-11 12:47:16.004       tray   main   6760   6760                           base.locale - Illegal string format: ad.inst.update_vpn_driver.hintVeuillez noter que d'autres outils utilisant ce pilote peuvent cesser de fonctionner après la désinstallation. Cette action ne peut pas être annulée!
   info 2024-06-11 12:47:17.210       tray   main   6760   6760                       base.signal.hub - 1 threads.
   info 2024-06-11 12:47:17.211       tray   main   6760   6760                    app.tunnel_ft_comp - Ready.
   info 2024-06-11 12:47:18.744       tray   ctrl   6760   7130                      unix_app.control - Control startup.
  error 2024-06-11 12:47:18.747       tray   ctrl   6760   7130              base.signal.global.event - Cannot set the subsignal count to a smaller or equal value.
  error 2024-06-11 12:47:18.791       tray   wrk0   6760   7131              base.prot.packet_factory - Invalid packet received (type=26, 4 bytes).
  error 2024-06-11 12:47:18.791       tray   wrk0   6760   7131                        hub_ipc_socket - IPC packet deserialization failed.
warning 2024-06-11 12:47:18.792       tray   wrk0   6760   7131        base.signal.global.shared_file - open (/var/lib/AccountsService/users/userpgi) failed (13): Permission non accordée 
warning 2024-06-11 12:47:18.976       tray   wrk0   6760   7131                      unix_app.control - Could not update account image (File not found: /home/userpgi/.face.icon).
  error 2024-07-01 18:24:01.887       tray   main   6760   6760          unix_app.dbus.logind_session - Error querying TTY from Properties: GDBus.Error:org.freedesktop.DBus.Error.UnknownObject: Unknown object '/org/freedesktop/login1/session/_31856'.
  error 2024-07-01 18:24:01.889       tray   main   6760   6760          unix_app.dbus.logind_session - Error querying Active from Properties: GDBus.Error:org.freedesktop.DBus.Error.UnknownObject: Unknown object '/org/freedesktop/login1/session/_31856'.
  error 2024-07-01 18:24:01.890       tray   main   6760   6760          unix_app.dbus.logind_session - Error querying Remote from Properties: GDBus.Error:org.freedesktop.DBus.Error.UnknownObject: Unknown object '/org/freedesktop/login1/session/_31856'.
  error 2024-07-01 18:50:14.750       tray   main   6760   6760          unix_app.dbus.logind_session - Error querying TTY from Properties: GDBus.Error:org.freedesktop.DBus.Error.UnknownObject: Unknown object '/org/freedesktop/login1/session/_31861'.
  error 2024-07-01 18:50:14.751       tray   main   6760   6760          unix_app.dbus.logind_session - Error querying Active from Properties: GDBus.Error:org.freedesktop.DBus.Error.UnknownObject: Unknown object '/org/freedesktop/login1/session/_31861'.
  error 2024-07-01 18:50:14.752       tray   main   6760   6760          unix_app.dbus.logind_session - Error querying Remote from Properties: GDBus.Error:org.freedesktop.DBus.Error.UnknownObject: Unknown object '/org/freedesktop/login1/session/_31861'.
  error 2024-07-02 12:49:24.330       tray   main   6760   6760          unix_app.dbus.logind_session - Error querying TTY from Properties: GDBus.Error:org.freedesktop.DBus.Error.UnknownObject: Unknown object '/org/freedesktop/login1/session/_31927'.
  error 2024-07-02 12:49:24.332       tray   main   6760   6760          unix_app.dbus.logind_session - Error querying Active from Properties: GDBus.Error:org.freedesktop.DBus.Error.UnknownObject: Unknown object '/org/freedesktop/login1/session/_31927'.
  error 2024-07-02 12:49:24.333       tray   main   6760   6760          unix_app.dbus.logind_session - Error querying Remote from Properties: GDBus.Error:org.freedesktop.DBus.Error.UnknownObject: Unknown object '/org/freedesktop/login1/session/_31927'.
  error 2024-07-02 13:35:49.600       tray   main   6760   6760          unix_app.dbus.logind_session - Error querying TTY from Properties: GDBus.Error:org.freedesktop.DBus.Error.UnknownObject: Unknown object '/org/freedesktop/login1/session/_31937'.
  error 2024-07-02 13:35:49.602       tray   main   6760   6760          unix_app.dbus.logind_session - Error querying Active from Properties: GDBus.Error:org.freedesktop.DBus.Error.UnknownObject: Unknown object '/org/freedesktop/login1/session/_31937'.
  error 2024-07-02 13:35:49.603       tray   main   6760   6760          unix_app.dbus.logind_session - Error querying Remote from Properties: GDBus.Error:org.freedesktop.DBus.Error.UnknownObject: Unknown object '/org/freedesktop/login1/session/_31937'.
  error 2024-07-02 14:04:46.304       tray   main   6760   6760          unix_app.dbus.logind_session - Error querying TTY from Properties: GDBus.Error:org.freedesktop.DBus.Error.UnknownObject: Unknown object '/org/freedesktop/login1/session/_31941'.
  error 2024-07-02 14:04:46.305       tray   main   6760   6760          unix_app.dbus.logind_session - Error querying Active from Properties: GDBus.Error:org.freedesktop.DBus.Error.UnknownObject: Unknown object '/org/freedesktop/login1/session/_31941'.
  error 2024-07-02 14:04:46.307       tray   main   6760   6760          unix_app.dbus.logind_session - Error querying Remote from Properties: GDBus.Error:org.freedesktop.DBus.Error.UnknownObject: Unknown object '/org/freedesktop/login1/session/_31941'.
  error 2024-07-02 17:47:58.583       tray   main   6760   6760          unix_app.dbus.logind_session - Error querying Active from Properties: GDBus.Error:org.freedesktop.DBus.Error.UnknownObject: Unknown object '/org/freedesktop/login1/session/_31944'.
  error 2024-07-02 17:47:58.584       tray   main   6760   6760          unix_app.dbus.logind_session - Error querying Remote from Properties: GDBus.Error:org.freedesktop.DBus.Error.UnknownObject: Unknown object '/org/freedesktop/login1/session/_31944'.
  error 2024-07-10 18:44:31.774       tray   main   6760   6760          unix_app.dbus.logind_session - Error querying TTY from Properties: GDBus.Error:org.freedesktop.DBus.Error.UnknownObject: Unknown object '/org/freedesktop/login1/session/_32717'.
  error 2024-07-10 18:44:31.775       tray   main   6760   6760          unix_app.dbus.logind_session - Error querying Active from Properties: GDBus.Error:org.freedesktop.DBus.Error.UnknownObject: Unknown object '/org/freedesktop/login1/session/_32717'.
  error 2024-07-10 18:44:31.776       tray   main   6760   6760          unix_app.dbus.logind_session - Error querying Remote from Properties: GDBus.Error:org.freedesktop.DBus.Error.UnknownObject: Unknown object '/org/freedesktop/login1/session/_32717'.
  error 2024-07-10 18:51:04.925       tray   main   6760   6760          unix_app.dbus.logind_session - Error querying TTY from Properties: GDBus.Error:org.freedesktop.DBus.Error.UnknownObject: Unknown object '/org/freedesktop/login1/session/_32736'.
  error 2024-07-10 18:51:04.927       tray   main   6760   6760          unix_app.dbus.logind_session - Error querying Active from Properties: GDBus.Error:org.freedesktop.DBus.Error.UnknownObject: Unknown object '/org/freedesktop/login1/session/_32736'.
  error 2024-07-10 18:51:04.928       tray   main   6760   6760          unix_app.dbus.logind_session - Error querying Remote from Properties: GDBus.Error:org.freedesktop.DBus.Error.UnknownObject: Unknown object '/org/freedesktop/login1/session/_32736'.
  error 2024-10-08 22:00:45.666       tray   main   6760   6760          unix_app.dbus.logind_session - Error querying TTY from Properties: GDBus.Error:org.freedesktop.DBus.Error.UnknownObject: Unknown object '/org/freedesktop/login1/session/_311130'.
  error 2024-10-08 22:00:45.690       tray   main   6760   6760          unix_app.dbus.logind_session - Error querying Active from Properties: GDBus.Error:org.freedesktop.DBus.Error.UnknownObject: Unknown object '/org/freedesktop/login1/session/_311130'.
  error 2024-10-08 22:00:45.691       tray   main   6760   6760          unix_app.dbus.logind_session - Error querying Remote from Properties: GDBus.Error:org.freedesktop.DBus.Error.UnknownObject: Unknown object '/org/freedesktop/login1/session/_311130'.
