0 verbose cli /usr/bin/node /usr/bin/npm
1 info using npm@9.2.0
2 info using node@v18.19.0
3 timing npm:load:whichnode Completed in 1ms
4 timing config:load:defaults Completed in 4ms
5 timing config:load:file:/usr/share/nodejs/npm/npmrc Completed in 35ms
6 timing config:load:builtin Completed in 35ms
7 timing config:load:cli Completed in 3ms
8 timing config:load:env Completed in 0ms
9 timing config:load:file:/var/www/html/pgi/.npmrc Completed in 0ms
10 timing config:load:project Completed in 8ms
11 timing config:load:file:/home/userpgi/.npmrc Completed in 0ms
12 timing config:load:user Completed in 1ms
13 timing config:load:file:/etc/npmrc Completed in 0ms
14 timing config:load:global Completed in 0ms
15 timing config:load:setEnvs Completed in 1ms
16 timing config:load Completed in 53ms
17 timing npm:load:configload Completed in 53ms
18 timing npm:load:mkdirpcache Completed in 1ms
19 timing npm:load:mkdirplogs Completed in 14ms
20 verbose title npm run build
21 verbose argv "run" "build"
22 timing npm:load:setTitle Completed in 3ms
23 timing config:load:flatten Completed in 7ms
24 timing npm:load:display Completed in 8ms
25 verbose logfile logs-max:10 dir:/home/userpgi/.npm/_logs/2024-04-02T10_35_48_577Z-
26 verbose logfile /home/userpgi/.npm/_logs/2024-04-02T10_35_48_577Z-debug-0.log
27 timing npm:load:logFile Completed in 27ms
28 timing npm:load:timers Completed in 1ms
29 timing npm:load:configScope Completed in 0ms
30 timing npm:load Completed in 108ms
31 silly logfile done cleaning log files
32 timing config:load:flatten Completed in 1ms
33 timing command:run Completed in 672ms
34 verbose exit 1
35 timing npm Completed in 810ms
36 verbose code 1
